2026-02-09 09:45:22.854 -03:00 [INF] Audit: GET /api/rooms => 200 em 323ms | UserId=(anon) | Ip=::1 {"SourceContext":"HotelManager.API.Middleware.AuditMiddleware","RequestId":"0HNJ7R4BFNMRE:00000002","RequestPath":"/api/rooms","ConnectionId":"0HNJ7R4BFNMRE","EnvironmentName":"Development","MachineName":"NCRUZ"}
2026-02-09 09:45:22.920 -03:00 [INF] HTTP GET /api/rooms responded 200 in 397.9716 ms {"UserId":"(anon)","SourceContext":"Serilog.AspNetCore.RequestLoggingMiddleware","RequestId":"0HNJ7R4BFNMRE:00000002","ConnectionId":"0HNJ7R4BFNMRE","EnvironmentName":"Development","MachineName":"NCRUZ"}
2026-02-09 09:45:24.551 -03:00 [INF] Audit: GET /api/reservations/my => 401 em 27ms | UserId=(anon) | Ip=::1 {"SourceContext":"HotelManager.API.Middleware.AuditMiddleware","RequestId":"0HNJ7R4BFNMRE:00000004","RequestPath":"/api/reservations/my","ConnectionId":"0HNJ7R4BFNMRE","EnvironmentName":"Development","MachineName":"NCRUZ"}
2026-02-09 09:45:24.643 -03:00 [INF] HTTP GET /api/reservations/my responded 401 in 120.2190 ms {"UserId":"(anon)","SourceContext":"Serilog.AspNetCore.RequestLoggingMiddleware","RequestId":"0HNJ7R4BFNMRE:00000004","ConnectionId":"0HNJ7R4BFNMRE","EnvironmentName":"Development","MachineName":"NCRUZ"}
2026-02-09 09:45:28.365 -03:00 [INF] Audit: GET /api/rooms => 200 em 87ms | UserId=(anon) | Ip=::1 {"SourceContext":"HotelManager.API.Middleware.AuditMiddleware","RequestId":"0HNJ7R4BFNMRF:00000002","RequestPath":"/api/rooms","ConnectionId":"0HNJ7R4BFNMRF","EnvironmentName":"Development","MachineName":"NCRUZ"}
2026-02-09 09:45:28.372 -03:00 [INF] HTTP GET /api/rooms responded 200 in 95.0721 ms {"UserId":"(anon)","SourceContext":"Serilog.AspNetCore.RequestLoggingMiddleware","RequestId":"0HNJ7R4BFNMRF:00000002","ConnectionId":"0HNJ7R4BFNMRF","EnvironmentName":"Development","MachineName":"NCRUZ"}
2026-02-09 09:46:37.317 -03:00 [INF] Audit: GET /api/rooms => 200 em 7ms | UserId=(anon) | Ip=::1 {"SourceContext":"HotelManager.API.Middleware.AuditMiddleware","RequestId":"0HNJ7R4BFNMRF:00000003","RequestPath":"/api/rooms","ConnectionId":"0HNJ7R4BFNMRF","EnvironmentName":"Development","MachineName":"NCRUZ"}
2026-02-09 09:46:37.322 -03:00 [INF] HTTP GET /api/rooms responded 200 in 12.7913 ms {"UserId":"(anon)","SourceContext":"Serilog.AspNetCore.RequestLoggingMiddleware","RequestId":"0HNJ7R4BFNMRF:00000003","ConnectionId":"0HNJ7R4BFNMRF","EnvironmentName":"Development","MachineName":"NCRUZ"}
2026-02-09 09:58:11.984 -03:00 [INF] Audit: GET /api/rooms => 200 em 289ms | UserId=(anon) | Ip=::1 {"SourceContext":"HotelManager.API.Middleware.AuditMiddleware","RequestId":"0HNJ7RBGMPMKR:00000001","RequestPath":"/api/rooms","ConnectionId":"0HNJ7RBGMPMKR","EnvironmentName":"Development","MachineName":"NCRUZ"}
2026-02-09 09:58:12.046 -03:00 [INF] HTTP GET /api/rooms responded 200 in 359.0857 ms {"UserId":"(anon)","SourceContext":"Serilog.AspNetCore.RequestLoggingMiddleware","RequestId":"0HNJ7RBGMPMKR:00000001","ConnectionId":"0HNJ7RBGMPMKR","EnvironmentName":"Development","MachineName":"NCRUZ"}
2026-02-09 15:12:22.208 -03:00 [INF] Audit: POST /api/auth/login => 200 em 2402ms | UserId=(anon) | Ip=127.0.0.1 {"SourceContext":"HotelManager.API.Middleware.AuditMiddleware","RequestId":"0HNJ80R1Q5H9N:00000002","RequestPath":"/api/auth/login","ConnectionId":"0HNJ80R1Q5H9N","EnvironmentName":"Development","MachineName":"NCRUZ"}
2026-02-09 15:12:22.579 -03:00 [INF] HTTP POST /api/auth/login responded 200 in 2799.4673 ms {"UserId":"(anon)","SourceContext":"Serilog.AspNetCore.RequestLoggingMiddleware","RequestId":"0HNJ80R1Q5H9N:00000002","ConnectionId":"0HNJ80R1Q5H9N","EnvironmentName":"Development","MachineName":"NCRUZ"}
2026-02-09 15:12:24.396 -03:00 [INF] Audit: POST /api/auth/login => 401 em 169ms | UserId=(anon) | Ip=127.0.0.1 {"SourceContext":"HotelManager.API.Middleware.AuditMiddleware","RequestId":"0HNJ80R1Q5H9N:00000004","RequestPath":"/api/auth/login","ConnectionId":"0HNJ80R1Q5H9N","EnvironmentName":"Development","MachineName":"NCRUZ"}
2026-02-09 15:12:24.472 -03:00 [INF] HTTP POST /api/auth/login responded 401 in 245.4255 ms {"UserId":"(anon)","SourceContext":"Serilog.AspNetCore.RequestLoggingMiddleware","RequestId":"0HNJ80R1Q5H9N:00000004","ConnectionId":"0HNJ80R1Q5H9N","EnvironmentName":"Development","MachineName":"NCRUZ"}
2026-02-09 15:13:02.092 -03:00 [INF] Audit: GET /api/rooms => 200 em 176ms | UserId=(anon) | Ip=127.0.0.1 {"SourceContext":"HotelManager.API.Middleware.AuditMiddleware","RequestId":"0HNJ80R1Q5H9N:00000005","RequestPath":"/api/rooms","ConnectionId":"0HNJ80R1Q5H9N","EnvironmentName":"Development","MachineName":"NCRUZ"}
2026-02-09 15:13:02.149 -03:00 [ERR] HTTP GET /api/rooms responded 500 in 233.1394 ms {"UserId":"(anon)","SourceContext":"Serilog.AspNetCore.RequestLoggingMiddleware","RequestId":"0HNJ80R1Q5H9N:00000005","ConnectionId":"0HNJ80R1Q5H9N","EnvironmentName":"Development","MachineName":"NCRUZ"}
System.Threading.Tasks.TaskCanceledException: A task was canceled.
   at Microsoft.EntityFrameworkCore.Query.Internal.SingleQueryingEnumerable`1.AsyncEnumerator.MoveNextAsync()
   at Microsoft.EntityFrameworkCore.EntityFrameworkQueryableExtensions.ToListAsync[TSource](IQueryable`1 source, CancellationToken cancellationToken)
   at Microsoft.EntityFrameworkCore.EntityFrameworkQueryableExtensions.ToListAsync[TSource](IQueryable`1 source, CancellationToken cancellationToken)
   at HotelManager.API.Repositories.RoomRepository.GetAllAsync(Int32 page, Int32 pageSize, CancellationToken ct) in C:\Users\ncruz\Desktop\Projeto-reservaHotel-CSharp\HotelManager.API\Repositories\RoomRepository.cs:line 29
   at HotelManager.API.Services.RoomService.GetAllAsync(Int32 page, Int32 pageSize, CancellationToken ct) in C:\Users\ncruz\Desktop\Projeto-reservaHotel-CSharp\HotelManager.API\Services\RoomService.cs:line 26
   at HotelManager.API.Controllers.RoomsController.GetAll(Int32 page, Int32 pageSize, CancellationToken ct) in C:\Users\ncruz\Desktop\Projeto-reservaHotel-CSharp\HotelManager.API\Controllers\RoomsController.cs:line 25
   at lambda_method290(Closure, Object)
   at Microsoft.AspNetCore.Mvc.Infrastructure.ActionMethodExecutor.AwaitableObjectResultExecutor.Execute(ActionContext actionContext, IActionResultTypeMapper mapper, ObjectMethodExecutor executor, Object controller, Object[] arguments)
   at Microsoft.AspNetCore.Mvc.Infrastructure.ControllerActionInvoker.<InvokeActionMethodAsync>g__Awaited|12_0(ControllerActionInvoker invoker, ValueTask`1 actionResultValueTask)
   at Microsoft.AspNetCore.Mvc.Infrastructure.ControllerActionInvoker.<InvokeNextActionFilterAsync>g__Awaited|10_0(ControllerActionInvoker invoker, Task lastTask, State next, Scope scope, Object state, Boolean isCompleted)
   at Microsoft.AspNetCore.Mvc.Infrastructure.ControllerActionInvoker.Rethrow(ActionExecutedContextSealed context)
   at Microsoft.AspNetCore.Mvc.Infrastructure.ControllerActionInvoker.Next(State& next, Scope& scope, Object& state, Boolean& isCompleted)
   at Microsoft.AspNetCore.Mvc.Infrastructure.ControllerActionInvoker.InvokeInnerFilterAsync()
--- End of stack trace from previous location ---
   at Microsoft.AspNetCore.Mvc.Infrastructure.ResourceInvoker.<InvokeFilterPipelineAsync>g__Awaited|20_0(ResourceInvoker invoker, Task lastTask, State next, Scope scope, Object state, Boolean isCompleted)
   at Microsoft.AspNetCore.Mvc.Infrastructure.ResourceInvoker.<InvokeAsync>g__Awaited|17_0(ResourceInvoker invoker, Task task, IDisposable scope)
   at Microsoft.AspNetCore.Mvc.Infrastructure.ResourceInvoker.<InvokeAsync>g__Awaited|17_0(ResourceInvoker invoker, Task task, IDisposable scope)
   at Microsoft.AspNetCore.Authorization.AuthorizationMiddleware.Invoke(HttpContext context)
   at Microsoft.AspNetCore.Authentication.AuthenticationMiddleware.Invoke(HttpContext context)
   at HotelManager.API.Middleware.AuditMiddleware.InvokeAsync(HttpContext context) in C:\Users\ncruz\Desktop\Projeto-reservaHotel-CSharp\HotelManager.API\Middleware\AuditMiddleware.cs:line 33
   at Serilog.AspNetCore.RequestLoggingMiddleware.Invoke(HttpContext httpContext)
2026-02-09 15:13:17.510 -03:00 [INF] Audit: POST /api/auth/login => 200 em 446ms | UserId=(anon) | Ip=127.0.0.1 {"SourceContext":"HotelManager.API.Middleware.AuditMiddleware","RequestId":"0HNJ80R1Q5H9O:00000001","RequestPath":"/api/auth/login","ConnectionId":"0HNJ80R1Q5H9O","EnvironmentName":"Development","MachineName":"NCRUZ"}
2026-02-09 15:13:17.520 -03:00 [INF] HTTP POST /api/auth/login responded 200 in 456.1673 ms {"UserId":"(anon)","SourceContext":"Serilog.AspNetCore.RequestLoggingMiddleware","RequestId":"0HNJ80R1Q5H9O:00000001","ConnectionId":"0HNJ80R1Q5H9O","EnvironmentName":"Development","MachineName":"NCRUZ"}
2026-02-09 15:13:18.493 -03:00 [INF] Audit: GET /api/rooms => 200 em 68ms | UserId=(anon) | Ip=127.0.0.1 {"SourceContext":"HotelManager.API.Middleware.AuditMiddleware","RequestId":"0HNJ80R1Q5H9O:00000002","RequestPath":"/api/rooms","ConnectionId":"0HNJ80R1Q5H9O","EnvironmentName":"Development","MachineName":"NCRUZ"}
2026-02-09 15:13:18.499 -03:00 [INF] HTTP GET /api/rooms responded 200 in 73.9973 ms {"UserId":"(anon)","SourceContext":"Serilog.AspNetCore.RequestLoggingMiddleware","RequestId":"0HNJ80R1Q5H9O:00000002","ConnectionId":"0HNJ80R1Q5H9O","EnvironmentName":"Development","MachineName":"NCRUZ"}
2026-02-09 15:13:24.709 -03:00 [INF] Audit: GET /api/rooms/1 => 200 em 43ms | UserId=(anon) | Ip=127.0.0.1 {"SourceContext":"HotelManager.API.Middleware.AuditMiddleware","RequestId":"0HNJ80R1Q5H9O:00000003","RequestPath":"/api/rooms/1","ConnectionId":"0HNJ80R1Q5H9O","EnvironmentName":"Development","MachineName":"NCRUZ"}
2026-02-09 15:13:24.737 -03:00 [INF] HTTP GET /api/rooms/1 responded 200 in 71.4318 ms {"UserId":"(anon)","SourceContext":"Serilog.AspNetCore.RequestLoggingMiddleware","RequestId":"0HNJ80R1Q5H9O:00000003","ConnectionId":"0HNJ80R1Q5H9O","EnvironmentName":"Development","MachineName":"NCRUZ"}
2026-02-09 15:13:33.233 -03:00 [INF] Audit: POST /api/auth/login => 200 em 240ms | UserId=(anon) | Ip=127.0.0.1 {"SourceContext":"HotelManager.API.Middleware.AuditMiddleware","RequestId":"0HNJ80R1Q5H9O:00000004","RequestPath":"/api/auth/login","ConnectionId":"0HNJ80R1Q5H9O","EnvironmentName":"Development","MachineName":"NCRUZ"}
2026-02-09 15:13:33.244 -03:00 [INF] HTTP POST /api/auth/login responded 200 in 251.4578 ms {"UserId":"(anon)","SourceContext":"Serilog.AspNetCore.RequestLoggingMiddleware","RequestId":"0HNJ80R1Q5H9O:00000004","ConnectionId":"0HNJ80R1Q5H9O","EnvironmentName":"Development","MachineName":"NCRUZ"}
2026-02-09 15:13:34.087 -03:00 [INF] Audit: GET /api/rooms => 200 em 3ms | UserId=(anon) | Ip=127.0.0.1 {"SourceContext":"HotelManager.API.Middleware.AuditMiddleware","RequestId":"0HNJ80R1Q5H9O:00000005","RequestPath":"/api/rooms","ConnectionId":"0HNJ80R1Q5H9O","EnvironmentName":"Development","MachineName":"NCRUZ"}
2026-02-09 15:13:34.096 -03:00 [INF] HTTP GET /api/rooms responded 200 in 12.8718 ms {"UserId":"(anon)","SourceContext":"Serilog.AspNetCore.RequestLoggingMiddleware","RequestId":"0HNJ80R1Q5H9O:00000005","ConnectionId":"0HNJ80R1Q5H9O","EnvironmentName":"Development","MachineName":"NCRUZ"}
2026-02-09 15:13:36.289 -03:00 [INF] Audit: GET /api/rooms/1 => 200 em 2ms | UserId=(anon) | Ip=127.0.0.1 {"SourceContext":"HotelManager.API.Middleware.AuditMiddleware","RequestId":"0HNJ80R1Q5H9O:00000006","RequestPath":"/api/rooms/1","ConnectionId":"0HNJ80R1Q5H9O","EnvironmentName":"Development","MachineName":"NCRUZ"}
2026-02-09 15:13:36.295 -03:00 [INF] HTTP GET /api/rooms/1 responded 200 in 8.6520 ms {"UserId":"(anon)","SourceContext":"Serilog.AspNetCore.RequestLoggingMiddleware","RequestId":"0HNJ80R1Q5H9O:00000006","ConnectionId":"0HNJ80R1Q5H9O","EnvironmentName":"Development","MachineName":"NCRUZ"}
2026-02-09 15:13:51.295 -03:00 [INF] Audit: POST /api/auth/login => 200 em 237ms | UserId=(anon) | Ip=127.0.0.1 {"SourceContext":"HotelManager.API.Middleware.AuditMiddleware","RequestId":"0HNJ80R1Q5H9O:00000007","RequestPath":"/api/auth/login","ConnectionId":"0HNJ80R1Q5H9O","EnvironmentName":"Development","MachineName":"NCRUZ"}
2026-02-09 15:13:51.306 -03:00 [INF] HTTP POST /api/auth/login responded 200 in 248.1331 ms {"UserId":"(anon)","SourceContext":"Serilog.AspNetCore.RequestLoggingMiddleware","RequestId":"0HNJ80R1Q5H9O:00000007","ConnectionId":"0HNJ80R1Q5H9O","EnvironmentName":"Development","MachineName":"NCRUZ"}
2026-02-09 15:14:02.955 -03:00 [INF] Audit: POST /api/auth/login => 200 em 260ms | UserId=(anon) | Ip=127.0.0.1 {"SourceContext":"HotelManager.API.Middleware.AuditMiddleware","RequestId":"0HNJ80R1Q5H9O:00000008","RequestPath":"/api/auth/login","ConnectionId":"0HNJ80R1Q5H9O","EnvironmentName":"Development","MachineName":"NCRUZ"}
2026-02-09 15:14:02.964 -03:00 [INF] HTTP POST /api/auth/login responded 200 in 269.4608 ms {"UserId":"(anon)","SourceContext":"Serilog.AspNetCore.RequestLoggingMiddleware","RequestId":"0HNJ80R1Q5H9O:00000008","ConnectionId":"0HNJ80R1Q5H9O","EnvironmentName":"Development","MachineName":"NCRUZ"}
2026-02-09 15:14:14.651 -03:00 [INF] Audit: POST /api/auth/login => 200 em 243ms | UserId=(anon) | Ip=127.0.0.1 {"SourceContext":"HotelManager.API.Middleware.AuditMiddleware","RequestId":"0HNJ80R1Q5H9O:00000009","RequestPath":"/api/auth/login","ConnectionId":"0HNJ80R1Q5H9O","EnvironmentName":"Development","MachineName":"NCRUZ"}
2026-02-09 15:14:14.659 -03:00 [INF] HTTP POST /api/auth/login responded 200 in 251.2996 ms {"UserId":"(anon)","SourceContext":"Serilog.AspNetCore.RequestLoggingMiddleware","RequestId":"0HNJ80R1Q5H9O:00000009","ConnectionId":"0HNJ80R1Q5H9O","EnvironmentName":"Development","MachineName":"NCRUZ"}
2026-02-09 15:14:26.103 -03:00 [INF] Audit: POST /api/auth/login => 200 em 271ms | UserId=(anon) | Ip=127.0.0.1 {"SourceContext":"HotelManager.API.Middleware.AuditMiddleware","RequestId":"0HNJ80R1Q5H9O:0000000A","RequestPath":"/api/auth/login","ConnectionId":"0HNJ80R1Q5H9O","EnvironmentName":"Development","MachineName":"NCRUZ"}
2026-02-09 15:14:26.112 -03:00 [INF] HTTP POST /api/auth/login responded 200 in 281.0294 ms {"UserId":"(anon)","SourceContext":"Serilog.AspNetCore.RequestLoggingMiddleware","RequestId":"0HNJ80R1Q5H9O:0000000A","ConnectionId":"0HNJ80R1Q5H9O","EnvironmentName":"Development","MachineName":"NCRUZ"}
2026-02-09 15:14:42.317 -03:00 [INF] Audit: GET /api/rooms => 200 em 3ms | UserId=(anon) | Ip=127.0.0.1 {"SourceContext":"HotelManager.API.Middleware.AuditMiddleware","RequestId":"0HNJ80R1Q5H9O:0000000B","RequestPath":"/api/rooms","ConnectionId":"0HNJ80R1Q5H9O","EnvironmentName":"Development","MachineName":"NCRUZ"}
2026-02-09 15:14:42.327 -03:00 [INF] HTTP GET /api/rooms responded 200 in 12.9864 ms {"UserId":"(anon)","SourceContext":"Serilog.AspNetCore.RequestLoggingMiddleware","RequestId":"0HNJ80R1Q5H9O:0000000B","ConnectionId":"0HNJ80R1Q5H9O","EnvironmentName":"Development","MachineName":"NCRUZ"}
2026-02-09 15:14:44.360 -03:00 [INF] Audit: GET /api/rooms/1 => 200 em 4ms | UserId=(anon) | Ip=127.0.0.1 {"SourceContext":"HotelManager.API.Middleware.AuditMiddleware","RequestId":"0HNJ80R1Q5H9O:0000000C","RequestPath":"/api/rooms/1","ConnectionId":"0HNJ80R1Q5H9O","EnvironmentName":"Development","MachineName":"NCRUZ"}
2026-02-09 15:14:44.369 -03:00 [INF] HTTP GET /api/rooms/1 responded 200 in 12.9166 ms {"UserId":"(anon)","SourceContext":"Serilog.AspNetCore.RequestLoggingMiddleware","RequestId":"0HNJ80R1Q5H9O:0000000C","ConnectionId":"0HNJ80R1Q5H9O","EnvironmentName":"Development","MachineName":"NCRUZ"}
2026-02-09 15:14:45.716 -03:00 [INF] Audit: GET /api/rooms/1 => 200 em 2ms | UserId=(anon) | Ip=127.0.0.1 {"SourceContext":"HotelManager.API.Middleware.AuditMiddleware","RequestId":"0HNJ80R1Q5H9O:0000000D","RequestPath":"/api/rooms/1","ConnectionId":"0HNJ80R1Q5H9O","EnvironmentName":"Development","MachineName":"NCRUZ"}
2026-02-09 15:14:45.725 -03:00 [INF] HTTP GET /api/rooms/1 responded 200 in 10.3979 ms {"UserId":"(anon)","SourceContext":"Serilog.AspNetCore.RequestLoggingMiddleware","RequestId":"0HNJ80R1Q5H9O:0000000D","ConnectionId":"0HNJ80R1Q5H9O","EnvironmentName":"Development","MachineName":"NCRUZ"}
2026-02-09 15:14:46.975 -03:00 [INF] Audit: GET /api/rooms => 200 em 7ms | UserId=(anon) | Ip=127.0.0.1 {"SourceContext":"HotelManager.API.Middleware.AuditMiddleware","RequestId":"0HNJ80R1Q5H9O:0000000E","RequestPath":"/api/rooms","ConnectionId":"0HNJ80R1Q5H9O","EnvironmentName":"Development","MachineName":"NCRUZ"}
2026-02-09 15:14:47.042 -03:00 [INF] HTTP GET /api/rooms responded 200 in 74.0190 ms {"UserId":"(anon)","SourceContext":"Serilog.AspNetCore.RequestLoggingMiddleware","RequestId":"0HNJ80R1Q5H9O:0000000E","ConnectionId":"0HNJ80R1Q5H9O","EnvironmentName":"Development","MachineName":"NCRUZ"}
2026-02-09 15:14:47.643 -03:00 [INF] Audit: GET /api/rooms/1 => 200 em 4ms | UserId=(anon) | Ip=127.0.0.1 {"SourceContext":"HotelManager.API.Middleware.AuditMiddleware","RequestId":"0HNJ80R1Q5H9O:0000000F","RequestPath":"/api/rooms/1","ConnectionId":"0HNJ80R1Q5H9O","EnvironmentName":"Development","MachineName":"NCRUZ"}
2026-02-09 15:14:47.663 -03:00 [INF] HTTP GET /api/rooms/1 responded 200 in 24.6093 ms {"UserId":"(anon)","SourceContext":"Serilog.AspNetCore.RequestLoggingMiddleware","RequestId":"0HNJ80R1Q5H9O:0000000F","ConnectionId":"0HNJ80R1Q5H9O","EnvironmentName":"Development","MachineName":"NCRUZ"}
2026-02-09 15:14:48.204 -03:00 [INF] Audit: GET /api/rooms/1 => 200 em 2ms | UserId=(anon) | Ip=127.0.0.1 {"SourceContext":"HotelManager.API.Middleware.AuditMiddleware","RequestId":"0HNJ80R1Q5H9O:00000010","RequestPath":"/api/rooms/1","ConnectionId":"0HNJ80R1Q5H9O","EnvironmentName":"Development","MachineName":"NCRUZ"}
2026-02-09 15:14:48.249 -03:00 [INF] HTTP GET /api/rooms/1 responded 200 in 48.2193 ms {"UserId":"(anon)","SourceContext":"Serilog.AspNetCore.RequestLoggingMiddleware","RequestId":"0HNJ80R1Q5H9O:00000010","ConnectionId":"0HNJ80R1Q5H9O","EnvironmentName":"Development","MachineName":"NCRUZ"}
2026-02-09 15:15:23.850 -03:00 [INF] Audit: POST /api/auth/login => 200 em 204ms | UserId=(anon) | Ip=127.0.0.1 {"SourceContext":"HotelManager.API.Middleware.AuditMiddleware","RequestId":"0HNJ80R1Q5H9O:00000011","RequestPath":"/api/auth/login","ConnectionId":"0HNJ80R1Q5H9O","EnvironmentName":"Development","MachineName":"NCRUZ"}
2026-02-09 15:15:23.855 -03:00 [INF] HTTP POST /api/auth/login responded 200 in 209.9964 ms {"UserId":"(anon)","SourceContext":"Serilog.AspNetCore.RequestLoggingMiddleware","RequestId":"0HNJ80R1Q5H9O:00000011","ConnectionId":"0HNJ80R1Q5H9O","EnvironmentName":"Development","MachineName":"NCRUZ"}
2026-02-09 15:15:24.782 -03:00 [INF] Audit: POST /api/admin/login => 200 em 207ms | UserId=(anon) | Ip=127.0.0.1 {"SourceContext":"HotelManager.API.Middleware.AuditMiddleware","RequestId":"0HNJ80R1Q5H9O:00000012","RequestPath":"/api/admin/login","ConnectionId":"0HNJ80R1Q5H9O","EnvironmentName":"Development","MachineName":"NCRUZ"}
2026-02-09 15:15:24.788 -03:00 [INF] HTTP POST /api/admin/login responded 200 in 213.6901 ms {"UserId":"(anon)","SourceContext":"Serilog.AspNetCore.RequestLoggingMiddleware","RequestId":"0HNJ80R1Q5H9O:00000012","ConnectionId":"0HNJ80R1Q5H9O","EnvironmentName":"Development","MachineName":"NCRUZ"}
2026-02-09 15:19:17.648 -03:00 [INF] Audit: POST /api/auth/login => 200 em 204ms | UserId=(anon) | Ip=::1 {"SourceContext":"HotelManager.API.Middleware.AuditMiddleware","RequestId":"0HNJ80R1Q5H9R:00000002","RequestPath":"/api/auth/login","ConnectionId":"0HNJ80R1Q5H9R","EnvironmentName":"Development","MachineName":"NCRUZ"}
2026-02-09 15:19:17.658 -03:00 [INF] HTTP POST /api/auth/login responded 200 in 214.2910 ms {"UserId":"(anon)","SourceContext":"Serilog.AspNetCore.RequestLoggingMiddleware","RequestId":"0HNJ80R1Q5H9R:00000002","ConnectionId":"0HNJ80R1Q5H9R","EnvironmentName":"Development","MachineName":"NCRUZ"}
2026-02-09 15:19:18.013 -03:00 [ERR] An error occurred using the connection to database 'main' on server 'HotelManager.db'. {"EventId":{"Id":20004,"Name":"Microsoft.EntityFrameworkCore.Database.Connection.ConnectionError"},"SourceContext":"Microsoft.EntityFrameworkCore.Database.Connection","ActionId":"d9dbd594-e582-4ed1-9265-2cacdc1527e6","ActionName":"HotelManager.API.Controllers.RoomsController.GetAll (HotelManager.API)","RequestId":"0HNJ80R1Q5H9R:00000004","RequestPath":"/api/rooms","ConnectionId":"0HNJ80R1Q5H9R","EnvironmentName":"Development","MachineName":"NCRUZ"}
2026-02-09 15:19:18.029 -03:00 [INF] Audit: GET /api/rooms => 200 em 176ms | UserId=(anon) | Ip=::1 {"SourceContext":"HotelManager.API.Middleware.AuditMiddleware","RequestId":"0HNJ80R1Q5H9R:00000004","RequestPath":"/api/rooms","ConnectionId":"0HNJ80R1Q5H9R","EnvironmentName":"Development","MachineName":"NCRUZ"}
2026-02-09 15:19:18.051 -03:00 [ERR] HTTP GET /api/rooms responded 500 in 199.0066 ms {"UserId":"2","SourceContext":"Serilog.AspNetCore.RequestLoggingMiddleware","RequestId":"0HNJ80R1Q5H9R:00000004","ConnectionId":"0HNJ80R1Q5H9R","EnvironmentName":"Development","MachineName":"NCRUZ"}
System.Threading.Tasks.TaskCanceledException: A task was canceled.
   at Microsoft.EntityFrameworkCore.Storage.RelationalConnection.OpenInternalAsync(Boolean errorsExpected, CancellationToken cancellationToken)
   at Microsoft.EntityFrameworkCore.Storage.RelationalConnection.OpenInternalAsync(Boolean errorsExpected, CancellationToken cancellationToken)
   at Microsoft.EntityFrameworkCore.Storage.RelationalConnection.OpenAsync(CancellationToken cancellationToken, Boolean errorsExpected)
   at Microsoft.EntityFrameworkCore.Storage.RelationalCommand.ExecuteReaderAsync(RelationalCommandParameterObject parameterObject, CancellationToken cancellationToken)
   at Microsoft.EntityFrameworkCore.Query.Internal.SingleQueryingEnumerable`1.AsyncEnumerator.InitializeReaderAsync(AsyncEnumerator enumerator, CancellationToken cancellationToken)
   at Microsoft.EntityFrameworkCore.Query.Internal.SingleQueryingEnumerable`1.AsyncEnumerator.MoveNextAsync()
   at Microsoft.EntityFrameworkCore.EntityFrameworkQueryableExtensions.ToListAsync[TSource](IQueryable`1 source, CancellationToken cancellationToken)
   at Microsoft.EntityFrameworkCore.EntityFrameworkQueryableExtensions.ToListAsync[TSource](IQueryable`1 source, CancellationToken cancellationToken)
   at HotelManager.API.Repositories.RoomRepository.GetAllAsync(Int32 page, Int32 pageSize, CancellationToken ct) in C:\Users\ncruz\Desktop\Projeto-reservaHotel-CSharp\HotelManager.API\Repositories\RoomRepository.cs:line 29
   at HotelManager.API.Services.RoomService.GetAllAsync(Int32 page, Int32 pageSize, CancellationToken ct) in C:\Users\ncruz\Desktop\Projeto-reservaHotel-CSharp\HotelManager.API\Services\RoomService.cs:line 26
   at HotelManager.API.Controllers.RoomsController.GetAll(Int32 page, Int32 pageSize, CancellationToken ct) in C:\Users\ncruz\Desktop\Projeto-reservaHotel-CSharp\HotelManager.API\Controllers\RoomsController.cs:line 25
   at lambda_method290(Closure, Object)
   at Microsoft.AspNetCore.Mvc.Infrastructure.ActionMethodExecutor.AwaitableObjectResultExecutor.Execute(ActionContext actionContext, IActionResultTypeMapper mapper, ObjectMethodExecutor executor, Object controller, Object[] arguments)
   at Microsoft.AspNetCore.Mvc.Infrastructure.ControllerActionInvoker.<InvokeActionMethodAsync>g__Awaited|12_0(ControllerActionInvoker invoker, ValueTask`1 actionResultValueTask)
   at Microsoft.AspNetCore.Mvc.Infrastructure.ControllerActionInvoker.<InvokeNextActionFilterAsync>g__Awaited|10_0(ControllerActionInvoker invoker, Task lastTask, State next, Scope scope, Object state, Boolean isCompleted)
   at Microsoft.AspNetCore.Mvc.Infrastructure.ControllerActionInvoker.Rethrow(ActionExecutedContextSealed context)
   at Microsoft.AspNetCore.Mvc.Infrastructure.ControllerActionInvoker.Next(State& next, Scope& scope, Object& state, Boolean& isCompleted)
   at Microsoft.AspNetCore.Mvc.Infrastructure.ControllerActionInvoker.InvokeInnerFilterAsync()
--- End of stack trace from previous location ---
   at Microsoft.AspNetCore.Mvc.Infrastructure.ResourceInvoker.<InvokeFilterPipelineAsync>g__Awaited|20_0(ResourceInvoker invoker, Task lastTask, State next, Scope scope, Object state, Boolean isCompleted)
   at Microsoft.AspNetCore.Mvc.Infrastructure.ResourceInvoker.<InvokeAsync>g__Awaited|17_0(ResourceInvoker invoker, Task task, IDisposable scope)
   at Microsoft.AspNetCore.Mvc.Infrastructure.ResourceInvoker.<InvokeAsync>g__Awaited|17_0(ResourceInvoker invoker, Task task, IDisposable scope)
   at Microsoft.AspNetCore.Authorization.AuthorizationMiddleware.Invoke(HttpContext context)
   at Microsoft.AspNetCore.Authentication.AuthenticationMiddleware.Invoke(HttpContext context)
   at HotelManager.API.Middleware.AuditMiddleware.InvokeAsync(HttpContext context) in C:\Users\ncruz\Desktop\Projeto-reservaHotel-CSharp\HotelManager.API\Middleware\AuditMiddleware.cs:line 33
   at Serilog.AspNetCore.RequestLoggingMiddleware.Invoke(HttpContext httpContext)
2026-02-09 15:19:19.146 -03:00 [INF] Audit: POST /api/auth/login => 401 em 2ms | UserId=(anon) | Ip=::1 {"SourceContext":"HotelManager.API.Middleware.AuditMiddleware","RequestId":"0HNJ80R1Q5H9S:00000001","RequestPath":"/api/auth/login","ConnectionId":"0HNJ80R1Q5H9S","EnvironmentName":"Development","MachineName":"NCRUZ"}
2026-02-09 15:19:19.153 -03:00 [INF] HTTP POST /api/auth/login responded 401 in 9.8106 ms {"UserId":"(anon)","SourceContext":"Serilog.AspNetCore.RequestLoggingMiddleware","RequestId":"0HNJ80R1Q5H9S:00000001","ConnectionId":"0HNJ80R1Q5H9S","EnvironmentName":"Development","MachineName":"NCRUZ"}
2026-02-09 15:19:31.475 -03:00 [INF] Audit: GET /api/rooms => 200 em 2ms | UserId=(anon) | Ip=::1 {"SourceContext":"HotelManager.API.Middleware.AuditMiddleware","RequestId":"0HNJ80R1Q5H9S:00000002","RequestPath":"/api/rooms","ConnectionId":"0HNJ80R1Q5H9S","EnvironmentName":"Development","MachineName":"NCRUZ"}
2026-02-09 15:19:31.481 -03:00 [INF] HTTP GET /api/rooms responded 200 in 8.1693 ms {"UserId":"(anon)","SourceContext":"Serilog.AspNetCore.RequestLoggingMiddleware","RequestId":"0HNJ80R1Q5H9S:00000002","ConnectionId":"0HNJ80R1Q5H9S","EnvironmentName":"Development","MachineName":"NCRUZ"}
2026-02-09 15:19:32.173 -03:00 [INF] Audit: GET /api/rooms => 200 em 2ms | UserId=(anon) | Ip=::1 {"SourceContext":"HotelManager.API.Middleware.AuditMiddleware","RequestId":"0HNJ80R1Q5H9S:00000003","RequestPath":"/api/rooms","ConnectionId":"0HNJ80R1Q5H9S","EnvironmentName":"Development","MachineName":"NCRUZ"}
2026-02-09 15:19:32.182 -03:00 [INF] HTTP GET /api/rooms responded 200 in 11.1446 ms {"UserId":"(anon)","SourceContext":"Serilog.AspNetCore.RequestLoggingMiddleware","RequestId":"0HNJ80R1Q5H9S:00000003","ConnectionId":"0HNJ80R1Q5H9S","EnvironmentName":"Development","MachineName":"NCRUZ"}
2026-02-09 15:19:45.965 -03:00 [INF] Audit: POST /api/auth/login => 200 em 199ms | UserId=(anon) | Ip=::1 {"SourceContext":"HotelManager.API.Middleware.AuditMiddleware","RequestId":"0HNJ80R1Q5H9S:00000004","RequestPath":"/api/auth/login","ConnectionId":"0HNJ80R1Q5H9S","EnvironmentName":"Development","MachineName":"NCRUZ"}
2026-02-09 15:19:45.971 -03:00 [INF] HTTP POST /api/auth/login responded 200 in 205.0472 ms {"UserId":"(anon)","SourceContext":"Serilog.AspNetCore.RequestLoggingMiddleware","RequestId":"0HNJ80R1Q5H9S:00000004","ConnectionId":"0HNJ80R1Q5H9S","EnvironmentName":"Development","MachineName":"NCRUZ"}
2026-02-09 15:19:46.738 -03:00 [INF] Audit: GET /api/rooms => 200 em 1ms | UserId=(anon) | Ip=::1 {"SourceContext":"HotelManager.API.Middleware.AuditMiddleware","RequestId":"0HNJ80R1Q5H9S:00000005","RequestPath":"/api/rooms","ConnectionId":"0HNJ80R1Q5H9S","EnvironmentName":"Development","MachineName":"NCRUZ"}
2026-02-09 15:19:46.746 -03:00 [INF] HTTP GET /api/rooms responded 200 in 8.7741 ms {"UserId":"(anon)","SourceContext":"Serilog.AspNetCore.RequestLoggingMiddleware","RequestId":"0HNJ80R1Q5H9S:00000005","ConnectionId":"0HNJ80R1Q5H9S","EnvironmentName":"Development","MachineName":"NCRUZ"}
2026-02-09 15:19:51.401 -03:00 [INF] Audit: GET /api/rooms/1 => 200 em 3ms | UserId=(anon) | Ip=::1 {"SourceContext":"HotelManager.API.Middleware.AuditMiddleware","RequestId":"0HNJ80R1Q5H9S:00000006","RequestPath":"/api/rooms/1","ConnectionId":"0HNJ80R1Q5H9S","EnvironmentName":"Development","MachineName":"NCRUZ"}
2026-02-09 15:19:51.430 -03:00 [INF] HTTP GET /api/rooms/1 responded 200 in 31.8171 ms {"UserId":"(anon)","SourceContext":"Serilog.AspNetCore.RequestLoggingMiddleware","RequestId":"0HNJ80R1Q5H9S:00000006","ConnectionId":"0HNJ80R1Q5H9S","EnvironmentName":"Development","MachineName":"NCRUZ"}
2026-02-09 15:20:05.374 -03:00 [INF] Audit: POST /api/auth/login => 200 em 309ms | UserId=(anon) | Ip=::1 {"SourceContext":"HotelManager.API.Middleware.AuditMiddleware","RequestId":"0HNJ80R1Q5H9S:00000007","RequestPath":"/api/auth/login","ConnectionId":"0HNJ80R1Q5H9S","EnvironmentName":"Development","MachineName":"NCRUZ"}
2026-02-09 15:20:05.405 -03:00 [INF] HTTP POST /api/auth/login responded 200 in 340.3696 ms {"UserId":"(anon)","SourceContext":"Serilog.AspNetCore.RequestLoggingMiddleware","RequestId":"0HNJ80R1Q5H9S:00000007","ConnectionId":"0HNJ80R1Q5H9S","EnvironmentName":"Development","MachineName":"NCRUZ"}
2026-02-09 15:20:06.453 -03:00 [INF] Audit: GET /api/rooms => 200 em 3ms | UserId=(anon) | Ip=::1 {"SourceContext":"HotelManager.API.Middleware.AuditMiddleware","RequestId":"0HNJ80R1Q5H9S:00000008","RequestPath":"/api/rooms","ConnectionId":"0HNJ80R1Q5H9S","EnvironmentName":"Development","MachineName":"NCRUZ"}
2026-02-09 15:20:06.465 -03:00 [INF] HTTP GET /api/rooms responded 200 in 15.1998 ms {"UserId":"(anon)","SourceContext":"Serilog.AspNetCore.RequestLoggingMiddleware","RequestId":"0HNJ80R1Q5H9S:00000008","ConnectionId":"0HNJ80R1Q5H9S","EnvironmentName":"Development","MachineName":"NCRUZ"}
2026-02-09 15:20:07.677 -03:00 [INF] Audit: GET /api/rooms/1 => 200 em 1ms | UserId=(anon) | Ip=::1 {"SourceContext":"HotelManager.API.Middleware.AuditMiddleware","RequestId":"0HNJ80R1Q5H9S:00000009","RequestPath":"/api/rooms/1","ConnectionId":"0HNJ80R1Q5H9S","EnvironmentName":"Development","MachineName":"NCRUZ"}
2026-02-09 15:20:07.688 -03:00 [INF] HTTP GET /api/rooms/1 responded 200 in 12.6682 ms {"UserId":"(anon)","SourceContext":"Serilog.AspNetCore.RequestLoggingMiddleware","RequestId":"0HNJ80R1Q5H9S:00000009","ConnectionId":"0HNJ80R1Q5H9S","EnvironmentName":"Development","MachineName":"NCRUZ"}
2026-02-09 15:20:25.911 -03:00 [INF] Audit: POST /api/auth/login => 200 em 275ms | UserId=(anon) | Ip=::1 {"SourceContext":"HotelManager.API.Middleware.AuditMiddleware","RequestId":"0HNJ80R1Q5H9S:0000000A","RequestPath":"/api/auth/login","ConnectionId":"0HNJ80R1Q5H9S","EnvironmentName":"Development","MachineName":"NCRUZ"}
2026-02-09 15:20:25.921 -03:00 [INF] HTTP POST /api/auth/login responded 200 in 286.1771 ms {"UserId":"(anon)","SourceContext":"Serilog.AspNetCore.RequestLoggingMiddleware","RequestId":"0HNJ80R1Q5H9S:0000000A","ConnectionId":"0HNJ80R1Q5H9S","EnvironmentName":"Development","MachineName":"NCRUZ"}
2026-02-09 15:20:37.462 -03:00 [INF] Audit: POST /api/auth/login => 200 em 258ms | UserId=(anon) | Ip=::1 {"SourceContext":"HotelManager.API.Middleware.AuditMiddleware","RequestId":"0HNJ80R1Q5H9S:0000000B","RequestPath":"/api/auth/login","ConnectionId":"0HNJ80R1Q5H9S","EnvironmentName":"Development","MachineName":"NCRUZ"}
2026-02-09 15:20:37.467 -03:00 [INF] HTTP POST /api/auth/login responded 200 in 264.4978 ms {"UserId":"(anon)","SourceContext":"Serilog.AspNetCore.RequestLoggingMiddleware","RequestId":"0HNJ80R1Q5H9S:0000000B","ConnectionId":"0HNJ80R1Q5H9S","EnvironmentName":"Development","MachineName":"NCRUZ"}
2026-02-09 15:20:48.932 -03:00 [INF] Audit: POST /api/auth/login => 200 em 184ms | UserId=(anon) | Ip=::1 {"SourceContext":"HotelManager.API.Middleware.AuditMiddleware","RequestId":"0HNJ80R1Q5H9S:0000000C","RequestPath":"/api/auth/login","ConnectionId":"0HNJ80R1Q5H9S","EnvironmentName":"Development","MachineName":"NCRUZ"}
2026-02-09 15:20:48.938 -03:00 [INF] HTTP POST /api/auth/login responded 200 in 190.5036 ms {"UserId":"(anon)","SourceContext":"Serilog.AspNetCore.RequestLoggingMiddleware","RequestId":"0HNJ80R1Q5H9S:0000000C","ConnectionId":"0HNJ80R1Q5H9S","EnvironmentName":"Development","MachineName":"NCRUZ"}
2026-02-09 15:20:58.262 -03:00 [INF] Audit: POST /api/auth/login => 200 em 302ms | UserId=(anon) | Ip=::1 {"SourceContext":"HotelManager.API.Middleware.AuditMiddleware","RequestId":"0HNJ80R1Q5H9S:0000000D","RequestPath":"/api/auth/login","ConnectionId":"0HNJ80R1Q5H9S","EnvironmentName":"Development","MachineName":"NCRUZ"}
2026-02-09 15:20:58.374 -03:00 [INF] HTTP POST /api/auth/login responded 200 in 414.8652 ms {"UserId":"(anon)","SourceContext":"Serilog.AspNetCore.RequestLoggingMiddleware","RequestId":"0HNJ80R1Q5H9S:0000000D","ConnectionId":"0HNJ80R1Q5H9S","EnvironmentName":"Development","MachineName":"NCRUZ"}
2026-02-09 15:21:11.765 -03:00 [INF] Audit: GET /api/rooms => 200 em 3ms | UserId=(anon) | Ip=::1 {"SourceContext":"HotelManager.API.Middleware.AuditMiddleware","RequestId":"0HNJ80R1Q5H9S:0000000E","RequestPath":"/api/rooms","ConnectionId":"0HNJ80R1Q5H9S","EnvironmentName":"Development","MachineName":"NCRUZ"}
2026-02-09 15:21:11.773 -03:00 [INF] HTTP GET /api/rooms responded 200 in 10.6580 ms {"UserId":"(anon)","SourceContext":"Serilog.AspNetCore.RequestLoggingMiddleware","RequestId":"0HNJ80R1Q5H9S:0000000E","ConnectionId":"0HNJ80R1Q5H9S","EnvironmentName":"Development","MachineName":"NCRUZ"}
2026-02-09 15:21:14.112 -03:00 [INF] Audit: GET /api/rooms/1 => 200 em 1ms | UserId=(anon) | Ip=::1 {"SourceContext":"HotelManager.API.Middleware.AuditMiddleware","RequestId":"0HNJ80R1Q5H9S:0000000F","RequestPath":"/api/rooms/1","ConnectionId":"0HNJ80R1Q5H9S","EnvironmentName":"Development","MachineName":"NCRUZ"}
2026-02-09 15:21:14.118 -03:00 [INF] HTTP GET /api/rooms/1 responded 200 in 7.1580 ms {"UserId":"(anon)","SourceContext":"Serilog.AspNetCore.RequestLoggingMiddleware","RequestId":"0HNJ80R1Q5H9S:0000000F","ConnectionId":"0HNJ80R1Q5H9S","EnvironmentName":"Development","MachineName":"NCRUZ"}
2026-02-09 15:21:14.444 -03:00 [INF] Audit: GET /api/rooms/1 => 200 em 0ms | UserId=(anon) | Ip=::1 {"SourceContext":"HotelManager.API.Middleware.AuditMiddleware","RequestId":"0HNJ80R1Q5H9S:00000010","RequestPath":"/api/rooms/1","ConnectionId":"0HNJ80R1Q5H9S","EnvironmentName":"Development","MachineName":"NCRUZ"}
2026-02-09 15:21:14.450 -03:00 [INF] HTTP GET /api/rooms/1 responded 200 in 6.2216 ms {"UserId":"(anon)","SourceContext":"Serilog.AspNetCore.RequestLoggingMiddleware","RequestId":"0HNJ80R1Q5H9S:00000010","ConnectionId":"0HNJ80R1Q5H9S","EnvironmentName":"Development","MachineName":"NCRUZ"}
2026-02-09 15:21:14.964 -03:00 [INF] Audit: GET /api/rooms => 200 em 2ms | UserId=(anon) | Ip=::1 {"SourceContext":"HotelManager.API.Middleware.AuditMiddleware","RequestId":"0HNJ80R1Q5H9S:00000011","RequestPath":"/api/rooms","ConnectionId":"0HNJ80R1Q5H9S","EnvironmentName":"Development","MachineName":"NCRUZ"}
2026-02-09 15:21:14.982 -03:00 [INF] HTTP GET /api/rooms responded 200 in 19.7338 ms {"UserId":"(anon)","SourceContext":"Serilog.AspNetCore.RequestLoggingMiddleware","RequestId":"0HNJ80R1Q5H9S:00000011","ConnectionId":"0HNJ80R1Q5H9S","EnvironmentName":"Development","MachineName":"NCRUZ"}
2026-02-09 15:21:15.365 -03:00 [INF] Audit: GET /api/rooms/1 => 200 em 1ms | UserId=(anon) | Ip=::1 {"SourceContext":"HotelManager.API.Middleware.AuditMiddleware","RequestId":"0HNJ80R1Q5H9S:00000012","RequestPath":"/api/rooms/1","ConnectionId":"0HNJ80R1Q5H9S","EnvironmentName":"Development","MachineName":"NCRUZ"}
2026-02-09 15:21:15.373 -03:00 [INF] HTTP GET /api/rooms/1 responded 200 in 9.0006 ms {"UserId":"(anon)","SourceContext":"Serilog.AspNetCore.RequestLoggingMiddleware","RequestId":"0HNJ80R1Q5H9S:00000012","ConnectionId":"0HNJ80R1Q5H9S","EnvironmentName":"Development","MachineName":"NCRUZ"}
2026-02-09 15:21:15.531 -03:00 [INF] Audit: GET /api/rooms/1 => 200 em 0ms | UserId=(anon) | Ip=::1 {"SourceContext":"HotelManager.API.Middleware.AuditMiddleware","RequestId":"0HNJ80R1Q5H9S:00000013","RequestPath":"/api/rooms/1","ConnectionId":"0HNJ80R1Q5H9S","EnvironmentName":"Development","MachineName":"NCRUZ"}
2026-02-09 15:21:15.536 -03:00 [INF] HTTP GET /api/rooms/1 responded 200 in 6.1544 ms {"UserId":"(anon)","SourceContext":"Serilog.AspNetCore.RequestLoggingMiddleware","RequestId":"0HNJ80R1Q5H9S:00000013","ConnectionId":"0HNJ80R1Q5H9S","EnvironmentName":"Development","MachineName":"NCRUZ"}
2026-02-09 15:21:57.556 -03:00 [INF] Audit: POST /api/auth/login => 200 em 184ms | UserId=(anon) | Ip=::1 {"SourceContext":"HotelManager.API.Middleware.AuditMiddleware","RequestId":"0HNJ80R1Q5H9S:00000014","RequestPath":"/api/auth/login","ConnectionId":"0HNJ80R1Q5H9S","EnvironmentName":"Development","MachineName":"NCRUZ"}
2026-02-09 15:21:57.563 -03:00 [INF] HTTP POST /api/auth/login responded 200 in 190.9216 ms {"UserId":"(anon)","SourceContext":"Serilog.AspNetCore.RequestLoggingMiddleware","RequestId":"0HNJ80R1Q5H9S:00000014","ConnectionId":"0HNJ80R1Q5H9S","EnvironmentName":"Development","MachineName":"NCRUZ"}
2026-02-09 15:21:58.526 -03:00 [INF] Audit: POST /api/admin/login => 200 em 181ms | UserId=(anon) | Ip=::1 {"SourceContext":"HotelManager.API.Middleware.AuditMiddleware","RequestId":"0HNJ80R1Q5H9S:00000015","RequestPath":"/api/admin/login","ConnectionId":"0HNJ80R1Q5H9S","EnvironmentName":"Development","MachineName":"NCRUZ"}
2026-02-09 15:21:58.531 -03:00 [INF] HTTP POST /api/admin/login responded 200 in 186.5197 ms {"UserId":"(anon)","SourceContext":"Serilog.AspNetCore.RequestLoggingMiddleware","RequestId":"0HNJ80R1Q5H9S:00000015","ConnectionId":"0HNJ80R1Q5H9S","EnvironmentName":"Development","MachineName":"NCRUZ"}
2026-02-09 15:37:20.570 -03:00 [INF] Audit: POST /api/auth/login => 200 em 266ms | UserId=(anon) | Ip=127.0.0.1 {"SourceContext":"HotelManager.API.Middleware.AuditMiddleware","RequestId":"0HNJ80R1Q5H9V:00000002","RequestPath":"/api/auth/login","ConnectionId":"0HNJ80R1Q5H9V","EnvironmentName":"Development","MachineName":"NCRUZ"}
2026-02-09 15:37:20.583 -03:00 [INF] HTTP POST /api/auth/login responded 200 in 279.4404 ms {"UserId":"(anon)","SourceContext":"Serilog.AspNetCore.RequestLoggingMiddleware","RequestId":"0HNJ80R1Q5H9V:00000002","ConnectionId":"0HNJ80R1Q5H9V","EnvironmentName":"Development","MachineName":"NCRUZ"}
2026-02-09 15:37:20.810 -03:00 [INF] Audit: GET /api/rooms => 200 em 2ms | UserId=(anon) | Ip=127.0.0.1 {"SourceContext":"HotelManager.API.Middleware.AuditMiddleware","RequestId":"0HNJ80R1Q5H9V:00000004","RequestPath":"/api/rooms","ConnectionId":"0HNJ80R1Q5H9V","EnvironmentName":"Development","MachineName":"NCRUZ"}
2026-02-09 15:37:20.819 -03:00 [INF] HTTP GET /api/rooms responded 200 in 10.9609 ms {"UserId":"2","SourceContext":"Serilog.AspNetCore.RequestLoggingMiddleware","RequestId":"0HNJ80R1Q5H9V:00000004","ConnectionId":"0HNJ80R1Q5H9V","EnvironmentName":"Development","MachineName":"NCRUZ"}
2026-02-09 15:37:22.094 -03:00 [INF] Audit: POST /api/auth/login => 401 em 2ms | UserId=(anon) | Ip=127.0.0.1 {"SourceContext":"HotelManager.API.Middleware.AuditMiddleware","RequestId":"0HNJ80R1Q5H9V:00000005","RequestPath":"/api/auth/login","ConnectionId":"0HNJ80R1Q5H9V","EnvironmentName":"Development","MachineName":"NCRUZ"}
2026-02-09 15:37:22.106 -03:00 [INF] HTTP POST /api/auth/login responded 401 in 14.3667 ms {"UserId":"(anon)","SourceContext":"Serilog.AspNetCore.RequestLoggingMiddleware","RequestId":"0HNJ80R1Q5H9V:00000005","ConnectionId":"0HNJ80R1Q5H9V","EnvironmentName":"Development","MachineName":"NCRUZ"}
2026-02-09 15:37:27.571 -03:00 [INF] Audit: GET /api/rooms => 200 em 2ms | UserId=(anon) | Ip=127.0.0.1 {"SourceContext":"HotelManager.API.Middleware.AuditMiddleware","RequestId":"0HNJ80R1Q5H9V:00000006","RequestPath":"/api/rooms","ConnectionId":"0HNJ80R1Q5H9V","EnvironmentName":"Development","MachineName":"NCRUZ"}
2026-02-09 15:37:27.580 -03:00 [INF] HTTP GET /api/rooms responded 200 in 11.7814 ms {"UserId":"(anon)","SourceContext":"Serilog.AspNetCore.RequestLoggingMiddleware","RequestId":"0HNJ80R1Q5H9V:00000006","ConnectionId":"0HNJ80R1Q5H9V","EnvironmentName":"Development","MachineName":"NCRUZ"}
2026-02-09 15:37:33.303 -03:00 [INF] Audit: GET /api/rooms => 200 em 1ms | UserId=(anon) | Ip=127.0.0.1 {"SourceContext":"HotelManager.API.Middleware.AuditMiddleware","RequestId":"0HNJ80R1Q5H9V:00000007","RequestPath":"/api/rooms","ConnectionId":"0HNJ80R1Q5H9V","EnvironmentName":"Development","MachineName":"NCRUZ"}
2026-02-09 15:37:33.311 -03:00 [INF] HTTP GET /api/rooms responded 200 in 9.5682 ms {"UserId":"(anon)","SourceContext":"Serilog.AspNetCore.RequestLoggingMiddleware","RequestId":"0HNJ80R1Q5H9V:00000007","ConnectionId":"0HNJ80R1Q5H9V","EnvironmentName":"Development","MachineName":"NCRUZ"}
2026-02-09 15:37:45.205 -03:00 [INF] Audit: POST /api/auth/login => 200 em 217ms | UserId=(anon) | Ip=127.0.0.1 {"SourceContext":"HotelManager.API.Middleware.AuditMiddleware","RequestId":"0HNJ80R1Q5H9V:00000008","RequestPath":"/api/auth/login","ConnectionId":"0HNJ80R1Q5H9V","EnvironmentName":"Development","MachineName":"NCRUZ"}
2026-02-09 15:37:45.215 -03:00 [INF] HTTP POST /api/auth/login responded 200 in 226.8472 ms {"UserId":"(anon)","SourceContext":"Serilog.AspNetCore.RequestLoggingMiddleware","RequestId":"0HNJ80R1Q5H9V:00000008","ConnectionId":"0HNJ80R1Q5H9V","EnvironmentName":"Development","MachineName":"NCRUZ"}
2026-02-09 15:37:46.560 -03:00 [INF] Audit: GET /api/rooms => 200 em 1ms | UserId=(anon) | Ip=127.0.0.1 {"SourceContext":"HotelManager.API.Middleware.AuditMiddleware","RequestId":"0HNJ80R1Q5H9V:00000009","RequestPath":"/api/rooms","ConnectionId":"0HNJ80R1Q5H9V","EnvironmentName":"Development","MachineName":"NCRUZ"}
2026-02-09 15:37:46.618 -03:00 [INF] HTTP GET /api/rooms responded 200 in 59.2473 ms {"UserId":"(anon)","SourceContext":"Serilog.AspNetCore.RequestLoggingMiddleware","RequestId":"0HNJ80R1Q5H9V:00000009","ConnectionId":"0HNJ80R1Q5H9V","EnvironmentName":"Development","MachineName":"NCRUZ"}
2026-02-09 15:37:49.344 -03:00 [INF] Audit: GET /api/rooms/1 => 200 em 4ms | UserId=(anon) | Ip=127.0.0.1 {"SourceContext":"HotelManager.API.Middleware.AuditMiddleware","RequestId":"0HNJ80R1Q5H9V:0000000A","RequestPath":"/api/rooms/1","ConnectionId":"0HNJ80R1Q5H9V","EnvironmentName":"Development","MachineName":"NCRUZ"}
2026-02-09 15:37:49.354 -03:00 [INF] HTTP GET /api/rooms/1 responded 200 in 13.7429 ms {"UserId":"(anon)","SourceContext":"Serilog.AspNetCore.RequestLoggingMiddleware","RequestId":"0HNJ80R1Q5H9V:0000000A","ConnectionId":"0HNJ80R1Q5H9V","EnvironmentName":"Development","MachineName":"NCRUZ"}
2026-02-09 15:38:02.432 -03:00 [INF] Audit: POST /api/auth/login => 200 em 263ms | UserId=(anon) | Ip=127.0.0.1 {"SourceContext":"HotelManager.API.Middleware.AuditMiddleware","RequestId":"0HNJ80R1Q5H9V:0000000B","RequestPath":"/api/auth/login","ConnectionId":"0HNJ80R1Q5H9V","EnvironmentName":"Development","MachineName":"NCRUZ"}
2026-02-09 15:38:02.479 -03:00 [INF] HTTP POST /api/auth/login responded 200 in 310.0497 ms {"UserId":"(anon)","SourceContext":"Serilog.AspNetCore.RequestLoggingMiddleware","RequestId":"0HNJ80R1Q5H9V:0000000B","ConnectionId":"0HNJ80R1Q5H9V","EnvironmentName":"Development","MachineName":"NCRUZ"}
2026-02-09 15:38:03.922 -03:00 [INF] Audit: GET /api/rooms => 200 em 1ms | UserId=(anon) | Ip=127.0.0.1 {"SourceContext":"HotelManager.API.Middleware.AuditMiddleware","RequestId":"0HNJ80R1Q5H9V:0000000C","RequestPath":"/api/rooms","ConnectionId":"0HNJ80R1Q5H9V","EnvironmentName":"Development","MachineName":"NCRUZ"}
2026-02-09 15:38:03.938 -03:00 [INF] HTTP GET /api/rooms responded 200 in 18.2158 ms {"UserId":"(anon)","SourceContext":"Serilog.AspNetCore.RequestLoggingMiddleware","RequestId":"0HNJ80R1Q5H9V:0000000C","ConnectionId":"0HNJ80R1Q5H9V","EnvironmentName":"Development","MachineName":"NCRUZ"}
2026-02-09 15:38:05.962 -03:00 [INF] Audit: GET /api/rooms/1 => 200 em 1ms | UserId=(anon) | Ip=127.0.0.1 {"SourceContext":"HotelManager.API.Middleware.AuditMiddleware","RequestId":"0HNJ80R1Q5H9V:0000000D","RequestPath":"/api/rooms/1","ConnectionId":"0HNJ80R1Q5H9V","EnvironmentName":"Development","MachineName":"NCRUZ"}
2026-02-09 15:38:05.975 -03:00 [INF] HTTP GET /api/rooms/1 responded 200 in 14.2038 ms {"UserId":"(anon)","SourceContext":"Serilog.AspNetCore.RequestLoggingMiddleware","RequestId":"0HNJ80R1Q5H9V:0000000D","ConnectionId":"0HNJ80R1Q5H9V","EnvironmentName":"Development","MachineName":"NCRUZ"}
2026-02-09 15:38:24.947 -03:00 [INF] Audit: POST /api/auth/login => 200 em 285ms | UserId=(anon) | Ip=127.0.0.1 {"SourceContext":"HotelManager.API.Middleware.AuditMiddleware","RequestId":"0HNJ80R1Q5H9V:0000000E","RequestPath":"/api/auth/login","ConnectionId":"0HNJ80R1Q5H9V","EnvironmentName":"Development","MachineName":"NCRUZ"}
2026-02-09 15:38:24.955 -03:00 [INF] HTTP POST /api/auth/login responded 200 in 292.8593 ms {"UserId":"(anon)","SourceContext":"Serilog.AspNetCore.RequestLoggingMiddleware","RequestId":"0HNJ80R1Q5H9V:0000000E","ConnectionId":"0HNJ80R1Q5H9V","EnvironmentName":"Development","MachineName":"NCRUZ"}
2026-02-09 15:38:37.616 -03:00 [INF] Audit: POST /api/auth/login => 200 em 1076ms | UserId=(anon) | Ip=127.0.0.1 {"SourceContext":"HotelManager.API.Middleware.AuditMiddleware","RequestId":"0HNJ80R1Q5H9V:0000000F","RequestPath":"/api/auth/login","ConnectionId":"0HNJ80R1Q5H9V","EnvironmentName":"Development","MachineName":"NCRUZ"}
2026-02-09 15:38:37.680 -03:00 [INF] HTTP POST /api/auth/login responded 200 in 1141.4018 ms {"UserId":"(anon)","SourceContext":"Serilog.AspNetCore.RequestLoggingMiddleware","RequestId":"0HNJ80R1Q5H9V:0000000F","ConnectionId":"0HNJ80R1Q5H9V","EnvironmentName":"Development","MachineName":"NCRUZ"}
2026-02-09 15:38:49.836 -03:00 [INF] Audit: POST /api/auth/login => 200 em 228ms | UserId=(anon) | Ip=127.0.0.1 {"SourceContext":"HotelManager.API.Middleware.AuditMiddleware","RequestId":"0HNJ80R1Q5H9V:00000010","RequestPath":"/api/auth/login","ConnectionId":"0HNJ80R1Q5H9V","EnvironmentName":"Development","MachineName":"NCRUZ"}
2026-02-09 15:38:49.847 -03:00 [INF] HTTP POST /api/auth/login responded 200 in 239.8275 ms {"UserId":"(anon)","SourceContext":"Serilog.AspNetCore.RequestLoggingMiddleware","RequestId":"0HNJ80R1Q5H9V:00000010","ConnectionId":"0HNJ80R1Q5H9V","EnvironmentName":"Development","MachineName":"NCRUZ"}
2026-02-09 15:38:59.279 -03:00 [INF] Audit: POST /api/auth/login => 200 em 224ms | UserId=(anon) | Ip=127.0.0.1 {"SourceContext":"HotelManager.API.Middleware.AuditMiddleware","RequestId":"0HNJ80R1Q5H9V:00000011","RequestPath":"/api/auth/login","ConnectionId":"0HNJ80R1Q5H9V","EnvironmentName":"Development","MachineName":"NCRUZ"}
2026-02-09 15:38:59.285 -03:00 [INF] HTTP POST /api/auth/login responded 200 in 229.8544 ms {"UserId":"(anon)","SourceContext":"Serilog.AspNetCore.RequestLoggingMiddleware","RequestId":"0HNJ80R1Q5H9V:00000011","ConnectionId":"0HNJ80R1Q5H9V","EnvironmentName":"Development","MachineName":"NCRUZ"}
2026-02-09 15:39:13.079 -03:00 [INF] Audit: GET /api/rooms => 200 em 6ms | UserId=(anon) | Ip=127.0.0.1 {"SourceContext":"HotelManager.API.Middleware.AuditMiddleware","RequestId":"0HNJ80R1Q5H9V:00000012","RequestPath":"/api/rooms","ConnectionId":"0HNJ80R1Q5H9V","EnvironmentName":"Development","MachineName":"NCRUZ"}
2026-02-09 15:39:13.094 -03:00 [INF] HTTP GET /api/rooms responded 200 in 21.1173 ms {"UserId":"(anon)","SourceContext":"Serilog.AspNetCore.RequestLoggingMiddleware","RequestId":"0HNJ80R1Q5H9V:00000012","ConnectionId":"0HNJ80R1Q5H9V","EnvironmentName":"Development","MachineName":"NCRUZ"}
2026-02-09 15:39:21.193 -03:00 [INF] Audit: GET /api/rooms/1 => 200 em 27ms | UserId=(anon) | Ip=127.0.0.1 {"SourceContext":"HotelManager.API.Middleware.AuditMiddleware","RequestId":"0HNJ80R1Q5H9V:00000013","RequestPath":"/api/rooms/1","ConnectionId":"0HNJ80R1Q5H9V","EnvironmentName":"Development","MachineName":"NCRUZ"}
2026-02-09 15:39:21.199 -03:00 [INF] HTTP GET /api/rooms/1 responded 200 in 34.1298 ms {"UserId":"(anon)","SourceContext":"Serilog.AspNetCore.RequestLoggingMiddleware","RequestId":"0HNJ80R1Q5H9V:00000013","ConnectionId":"0HNJ80R1Q5H9V","EnvironmentName":"Development","MachineName":"NCRUZ"}
2026-02-09 15:39:22.135 -03:00 [INF] Audit: GET /api/rooms/1 => 200 em 1ms | UserId=(anon) | Ip=127.0.0.1 {"SourceContext":"HotelManager.API.Middleware.AuditMiddleware","RequestId":"0HNJ80R1Q5H9V:00000014","RequestPath":"/api/rooms/1","ConnectionId":"0HNJ80R1Q5H9V","EnvironmentName":"Development","MachineName":"NCRUZ"}
2026-02-09 15:39:22.143 -03:00 [INF] HTTP GET /api/rooms/1 responded 200 in 9.8557 ms {"UserId":"(anon)","SourceContext":"Serilog.AspNetCore.RequestLoggingMiddleware","RequestId":"0HNJ80R1Q5H9V:00000014","ConnectionId":"0HNJ80R1Q5H9V","EnvironmentName":"Development","MachineName":"NCRUZ"}
2026-02-09 15:39:23.555 -03:00 [INF] Audit: GET /api/rooms => 200 em 2ms | UserId=(anon) | Ip=127.0.0.1 {"SourceContext":"HotelManager.API.Middleware.AuditMiddleware","RequestId":"0HNJ80R1Q5H9V:00000015","RequestPath":"/api/rooms","ConnectionId":"0HNJ80R1Q5H9V","EnvironmentName":"Development","MachineName":"NCRUZ"}
2026-02-09 15:39:23.619 -03:00 [INF] HTTP GET /api/rooms responded 200 in 66.4203 ms {"UserId":"(anon)","SourceContext":"Serilog.AspNetCore.RequestLoggingMiddleware","RequestId":"0HNJ80R1Q5H9V:00000015","ConnectionId":"0HNJ80R1Q5H9V","EnvironmentName":"Development","MachineName":"NCRUZ"}
2026-02-09 15:39:24.979 -03:00 [INF] Audit: GET /api/rooms/1 => 200 em 2ms | UserId=(anon) | Ip=127.0.0.1 {"SourceContext":"HotelManager.API.Middleware.AuditMiddleware","RequestId":"0HNJ80R1Q5H9V:00000016","RequestPath":"/api/rooms/1","ConnectionId":"0HNJ80R1Q5H9V","EnvironmentName":"Development","MachineName":"NCRUZ"}
2026-02-09 15:39:25.006 -03:00 [INF] HTTP GET /api/rooms/1 responded 200 in 29.6177 ms {"UserId":"(anon)","SourceContext":"Serilog.AspNetCore.RequestLoggingMiddleware","RequestId":"0HNJ80R1Q5H9V:00000016","ConnectionId":"0HNJ80R1Q5H9V","EnvironmentName":"Development","MachineName":"NCRUZ"}
2026-02-09 15:39:25.207 -03:00 [INF] Audit: GET /api/rooms/1 => 200 em 1ms | UserId=(anon) | Ip=127.0.0.1 {"SourceContext":"HotelManager.API.Middleware.AuditMiddleware","RequestId":"0HNJ80R1Q5H9V:00000017","RequestPath":"/api/rooms/1","ConnectionId":"0HNJ80R1Q5H9V","EnvironmentName":"Development","MachineName":"NCRUZ"}
2026-02-09 15:39:25.240 -03:00 [INF] HTTP GET /api/rooms/1 responded 200 in 33.7319 ms {"UserId":"(anon)","SourceContext":"Serilog.AspNetCore.RequestLoggingMiddleware","RequestId":"0HNJ80R1Q5H9V:00000017","ConnectionId":"0HNJ80R1Q5H9V","EnvironmentName":"Development","MachineName":"NCRUZ"}
2026-02-09 15:40:32.422 -03:00 [INF] Audit: POST /api/auth/login => 200 em 212ms | UserId=(anon) | Ip=127.0.0.1 {"SourceContext":"HotelManager.API.Middleware.AuditMiddleware","RequestId":"0HNJ80R1Q5H9V:00000018","RequestPath":"/api/auth/login","ConnectionId":"0HNJ80R1Q5H9V","EnvironmentName":"Development","MachineName":"NCRUZ"}
2026-02-09 15:40:32.431 -03:00 [INF] HTTP POST /api/auth/login responded 200 in 220.3792 ms {"UserId":"(anon)","SourceContext":"Serilog.AspNetCore.RequestLoggingMiddleware","RequestId":"0HNJ80R1Q5H9V:00000018","ConnectionId":"0HNJ80R1Q5H9V","EnvironmentName":"Development","MachineName":"NCRUZ"}
2026-02-09 15:40:33.666 -03:00 [INF] Audit: POST /api/admin/login => 200 em 250ms | UserId=(anon) | Ip=127.0.0.1 {"SourceContext":"HotelManager.API.Middleware.AuditMiddleware","RequestId":"0HNJ80R1Q5H9V:00000019","RequestPath":"/api/admin/login","ConnectionId":"0HNJ80R1Q5H9V","EnvironmentName":"Development","MachineName":"NCRUZ"}
2026-02-09 15:40:33.680 -03:00 [INF] HTTP POST /api/admin/login responded 200 in 263.7924 ms {"UserId":"(anon)","SourceContext":"Serilog.AspNetCore.RequestLoggingMiddleware","RequestId":"0HNJ80R1Q5H9V:00000019","ConnectionId":"0HNJ80R1Q5H9V","EnvironmentName":"Development","MachineName":"NCRUZ"}
